Wed Jul 05 14:06:36 CEST 2023 : Servidor de red Apache Derby: Se ha iniciado 10.14.2.0 - (1828579) y está listo para aceptar las conexiones en el puerto 1527
Wed Jul 05 14:06:37 CEST 2023 Thread[DRDAConnThread_2,5,main] Cleanup action starting
java.sql.SQLException: No se ha encontrado la base de datos 'DAWDB'.
	at org.apache.derby.impl.jdbc.SQLExceptionFactory.getSQLException(Unknown Source)
	at org.apache.derby.impl.jdbc.SQLExceptionFactory.getSQLException(Unknown Source)
	at org.apache.derby.impl.jdbc.Util.generateCsSQLException(Unknown Source)
	at org.apache.derby.impl.jdbc.Util.generateCsSQLException(Unknown Source)
	at org.apache.derby.impl.jdbc.EmbedConnection.newSQLException(Unknown Source)
	at org.apache.derby.impl.jdbc.EmbedConnection.handleDBNotFound(Unknown Source)
	at org.apache.derby.impl.jdbc.EmbedConnection.<init>(Unknown Source)
	at org.apache.derby.jdbc.InternalDriver$1.run(Unknown Source)
	at org.apache.derby.jdbc.InternalDriver$1.run(Unknown Source)
	at java.security.AccessController.doPrivileged(Native Method)
	at org.apache.derby.jdbc.InternalDriver.getNewEmbedConnection(Unknown Source)
	at org.apache.derby.jdbc.InternalDriver.connect(Unknown Source)
	at org.apache.derby.jdbc.InternalDriver.connect(Unknown Source)
	at org.apache.derby.jdbc.EmbeddedDriver.connect(Unknown Source)
	at org.apache.derby.impl.drda.Database.makeConnection(Unknown Source)
	at org.apache.derby.impl.drda.DRDAConnThread.getConnFromDatabaseName(Unknown Source)
	at org.apache.derby.impl.drda.DRDAConnThread.verifyUserIdPassword(Unknown Source)
	at org.apache.derby.impl.drda.DRDAConnThread.parseSECCHK(Unknown Source)
	at org.apache.derby.impl.drda.DRDAConnThread.parseDRDAConnection(Unknown Source)
	at org.apache.derby.impl.drda.DRDAConnThread.processCommands(Unknown Source)
	at org.apache.derby.impl.drda.DRDAConnThread.run(Unknown Source)
Caused by: ERROR XJ004: No se ha encontrado la base de datos 'DAWDB'.
	at org.apache.derby.iapi.error.StandardException.newException(Unknown Source)
	at org.apache.derby.impl.jdbc.SQLExceptionFactory.wrapArgsForTransportAcrossDRDA(Unknown Source)
	... 21 more
============= begin nested exception, level (1) ===========
ERROR XJ004: No se ha encontrado la base de datos 'DAWDB'.
	at org.apache.derby.iapi.error.StandardException.newException(Unknown Source)
	at org.apache.derby.impl.jdbc.SQLExceptionFactory.wrapArgsForTransportAcrossDRDA(Unknown Source)
	at org.apache.derby.impl.jdbc.SQLExceptionFactory.getSQLException(Unknown Source)
	at org.apache.derby.impl.jdbc.SQLExceptionFactory.getSQLException(Unknown Source)
	at org.apache.derby.impl.jdbc.Util.generateCsSQLException(Unknown Source)
	at org.apache.derby.impl.jdbc.Util.generateCsSQLException(Unknown Source)
	at org.apache.derby.impl.jdbc.EmbedConnection.newSQLException(Unknown Source)
	at org.apache.derby.impl.jdbc.EmbedConnection.handleDBNotFound(Unknown Source)
	at org.apache.derby.impl.jdbc.EmbedConnection.<init>(Unknown Source)
	at org.apache.derby.jdbc.InternalDriver$1.run(Unknown Source)
	at org.apache.derby.jdbc.InternalDriver$1.run(Unknown Source)
	at java.security.AccessController.doPrivileged(Native Method)
	at org.apache.derby.jdbc.InternalDriver.getNewEmbedConnection(Unknown Source)
	at org.apache.derby.jdbc.InternalDriver.connect(Unknown Source)
	at org.apache.derby.jdbc.InternalDriver.connect(Unknown Source)
	at org.apache.derby.jdbc.EmbeddedDriver.connect(Unknown Source)
	at org.apache.derby.impl.drda.Database.makeConnection(Unknown Source)
	at org.apache.derby.impl.drda.DRDAConnThread.getConnFromDatabaseName(Unknown Source)
	at org.apache.derby.impl.drda.DRDAConnThread.verifyUserIdPassword(Unknown Source)
	at org.apache.derby.impl.drda.DRDAConnThread.parseSECCHK(Unknown Source)
	at org.apache.derby.impl.drda.DRDAConnThread.parseDRDAConnection(Unknown Source)
	at org.apache.derby.impl.drda.DRDAConnThread.processCommands(Unknown Source)
	at org.apache.derby.impl.drda.DRDAConnThread.run(Unknown Source)
============= end nested exception, level (1) ===========
Cleanup action completed
Wed Jul 05 14:06:37 CEST 2023 Thread[DRDAConnThread_2,5,main] (DATABASE = DAWDB), (DRDAID = {1}), No se ha encontrado la base de datos 'DAWDB'.
----------------------------------------------------------------
Wed Jul 05 14:07:43 CEST 2023:
 Iniciando instancia a816c00e-0189-25f2-6d4c-00004242192e de Derby, versión The Apache Software Foundation - Apache Derby - 10.14.2.0 - (1828579): 
en el directorio de base de datos C:\Users\Carlos\Documents\UHU\DAW\ProyectoDAW\DAWDB con el cargador de clases sun.misc.Launcher$AppClassLoader@1d44bcfa
Cargado desde file:/C:/Users/Carlos/Documents/UHU/DAW/ProyectoDAW/GlassFish_Server5.1/javadb/lib/derby.jar
java.vendor=Oracle Corporation
java.runtime.version=1.8.0_311-b11
user.dir=C:\Users\Carlos\Documents\UHU\DAW\ProyectoDAW\GlassFish_Server5.1\javadb
os.name=Windows 10
os.arch=amd64
os.version=10.0
derby.system.home=C:\Users\Carlos\Documents\UHU\DAW\ProyectoDAW
Cargador de clases de base de datos iniciado - derby.database.classpath=''
----------------------------------------------------------------
Wed Jul 05 14:07:46 CEST 2023:
Cerrando la instancia a816c00e-0189-25f2-6d4c-00004242192e en el directorio de base de datos C:\Users\Carlos\Documents\UHU\DAW\ProyectoDAW\DAWDB con cargador de clases sun.misc.Launcher$AppClassLoader@1d44bcfa
Wed Jul 05 14:07:46 CEST 2023 Thread[DRDAConnThread_2,5,main] (DATABASE = DAWDB), (DRDAID = {3}), Cierre de la base de datos 'DAWDB'.
----------------------------------------------------------------
Wed Jul 05 14:08:05 CEST 2023:
 Iniciando instancia 6ede40af-0189-25f2-6d4c-00004242192e de Derby, versión The Apache Software Foundation - Apache Derby - 10.14.2.0 - (1828579): 
en el directorio de base de datos C:\Users\Carlos\Documents\UHU\DAW\ProyectoDAW\DAWDB con el cargador de clases sun.misc.Launcher$AppClassLoader@1d44bcfa
Cargado desde file:/C:/Users/Carlos/Documents/UHU/DAW/ProyectoDAW/GlassFish_Server5.1/javadb/lib/derby.jar
java.vendor=Oracle Corporation
java.runtime.version=1.8.0_311-b11
user.dir=C:\Users\Carlos\Documents\UHU\DAW\ProyectoDAW\GlassFish_Server5.1\javadb
os.name=Windows 10
os.arch=amd64
os.version=10.0
derby.system.home=C:\Users\Carlos\Documents\UHU\DAW\ProyectoDAW
Cargador de clases de base de datos iniciado - derby.database.classpath=''
----------------------------------------------------------------
Wed Jul 05 14:48:17 CEST 2023: cerrando motor de Derby
----------------------------------------------------------------
Wed Jul 05 14:48:17 CEST 2023:
Cerrando la instancia 6ede40af-0189-25f2-6d4c-00004242192e en el directorio de base de datos C:\Users\Carlos\Documents\UHU\DAW\ProyectoDAW\DAWDB con cargador de clases sun.misc.Launcher$AppClassLoader@1d44bcfa
----------------------------------------------------------------
